Using pre-set license
Built from '2020.2/staging' branch; Version is '2020.2.7f1 (c53830e277f1) revision 12924976'; Using compiler version '192528614'; Build Type 'Release'
OS: 'Windows 10 Pro; OS build 19043.1237; Version 2009; 64bit' Language: 'en' Physical Memory: 16304 MB
BatchMode: 1, IsHumanControllingUs: 0, StartBugReporterOnCrash: 0, Is64bit: 1, IsPro: 0

 COMMAND LINE ARGUMENTS:
C:\Program Files\Unity\Editor\Unity.exe
-adb2
-batchMode
-noUpm
-name
AssetImportWorker0
-projectPath
D:/My Project/Unity Project/reyl/Reyl-V2/SpaceShip
-logFile
Logs/AssetImportWorker0.log
-srvPort
10453
Successfully changed project path to: D:/My Project/Unity Project/reyl/Reyl-V2/SpaceShip
D:/My Project/Unity Project/reyl/Reyl-V2/SpaceShip
Using Asset Import Pipeline V2.
Refreshing native plugins compatible for Editor in 33.11 ms, found 0 plugins.
Preloading 0 native plugins for Editor in 0.00 ms.
Initialize engine version: 2020.2.7f1 (c53830e277f1)
[Subsystems] Discovering subsystems at path C:/Program Files/Unity/Editor/Data/Resources/UnitySubsystems
[Subsystems] Discovering subsystems at path D:/My Project/Unity Project/reyl/Reyl-V2/SpaceShip/Assets
GfxDevice: creating device client; threaded=0
Direct3D:
    Version:  Direct3D 11.0 [level 11.0]
    Renderer: NVIDIA GeForce GTX 850M (ID=0x1391)
    Vendor:   
    VRAM:     2019 MB
    Driver:   22.21.13.8205
Initialize mono
Mono path[0] = 'C:/Program Files/Unity/Editor/Data/Managed'
Mono path[1] = 'C:/Program Files/Unity/Editor/Data/MonoBleedingEdge/lib/mono/unityjit'
Mono config path = 'C:/Program Files/Unity/Editor/Data/MonoBleedingEdge/etc'
Using monoOptions --debugger-agent=transport=dt_socket,embedding=1,server=y,suspend=n,address=127.0.0.1:56096
Begin MonoManager ReloadAssembly
Registering precompiled unity dll's ...
Register platform support module: C:/Program Files/Unity/Editor/Data/PlaybackEngines/WindowsStandaloneSupport/UnityEditor.WindowsStandalone.Extensions.dll
Registered in 0.001969 seconds.
Native extension for WindowsStandalone target not found
Refreshing native plugins compatible for Editor in 31.71 ms, found 0 plugins.
Preloading 0 native plugins for Editor in 0.00 ms.
Invoked RoslynAnalysisRunner static constructor.
RoslynAnalysisRunner will not be running.
RoslynAnalysisRunner has terminated.
Mono: successfully reloaded assembly
- Completed reload, in  1.646 seconds
Platform modules already initialized, skipping
Registering precompiled user dll's ...
Registered in 0.001404 seconds.
Begin MonoManager ReloadAssembly
Native extension for WindowsStandalone target not found
Refreshing native plugins compatible for Editor in 0.38 ms, found 0 plugins.
Preloading 0 native plugins for Editor in 0.00 ms.
Invoked RoslynAnalysisRunner static constructor.
RoslynAnalysisRunner will not be running.
RoslynAnalysisRunner has terminated.
Mono: successfully reloaded assembly
- Completed reload, in  0.880 seconds
Platform modules already initialized, skipping
========================================================================
Worker process is ready to serve import requests
Launched and connected shader compiler UnityShaderCompiler.exe after 0.04 seconds
Refreshing native plugins compatible for Editor in 0.42 ms, found 0 plugins.
Preloading 0 native plugins for Editor in 0.00 ms.
Unloading 1253 Unused Serialized files (Serialized files now loaded: 0)
System memory in use before: 160.8 MB.
System memory in use after: 160.8 MB.

Unloading 13 unused Assets to reduce memory usage. Loaded Objects now: 1723.
Total: 2.271900 ms (FindLiveObjects: 0.164300 ms CreateObjectMapping: 0.064200 ms MarkObjects: 1.931500 ms  DeleteObjects: 0.110700 ms)

========================================================================
Received Import Request.
  path: Assets/Prefabs/StarSparrow04.prefab
  artifactKey: Guid(6fea9bc8d415f6f4393b68688ae18dbf) Importer(815301076,1909f56bfc062723c751e8b465ee728b)
Start importing Assets/Prefabs/StarSparrow04.prefab using Guid(6fea9bc8d415f6f4393b68688ae18dbf) Importer(815301076,1909f56bfc062723c751e8b465ee728b)  -> (artifact id: '0aa832827545e2ff3cac7982102c5b1b') in 0.229560 seconds
  Import took 0.237068 seconds .

========================================================================
Received Import Request.
  Time since last request: 5.117483 seconds.
  path: Assets/Prefabs/StarSparrow03.prefab
  artifactKey: Guid(a359ff8eac945fc48b71185d4cd75c03) Importer(815301076,1909f56bfc062723c751e8b465ee728b)
Start importing Assets/Prefabs/StarSparrow03.prefab using Guid(a359ff8eac945fc48b71185d4cd75c03) Importer(815301076,1909f56bfc062723c751e8b465ee728b)  -> (artifact id: '4c1d4b60ee6641aa83d45c728aad722a') in 0.025632 seconds
  Import took 0.041376 seconds .

========================================================================
Received Prepare
Registering precompiled user dll's ...
Registered in 0.001357 seconds.
Begin MonoManager ReloadAssembly
Native extension for WindowsStandalone target not found
Refreshing native plugins compatible for Editor in 0.38 ms, found 0 plugins.
Preloading 0 native plugins for Editor in 0.00 ms.
Invoked RoslynAnalysisRunner static constructor.
RoslynAnalysisRunner will not be running.
RoslynAnalysisRunner has terminated.
Mono: successfully reloaded assembly
- Completed reload, in  0.895 seconds
Platform modules already initialized, skipping
Switching build target platform(5) subTarget(0) extendedPlatform(0) -> platform(13) subTarget(537395200) extendedPlatform(0)
Refreshing native plugins compatible for Editor in 0.38 ms, found 0 plugins.
Preloading 0 native plugins for Editor in 0.00 ms.
Unloading 1226 Unused Serialized files (Serialized files now loaded: 0)
System memory in use before: 158.8 MB.
System memory in use after: 158.8 MB.

Unloading 12 unused Assets to reduce memory usage. Loaded Objects now: 1733.
Total: 2.695400 ms (FindLiveObjects: 0.171100 ms CreateObjectMapping: 0.058600 ms MarkObjects: 2.375200 ms  DeleteObjects: 0.089400 ms)

AssetImportParameters requested are different than current active one (requested -> active):
  custom:graphics/normal-map-encoding: 01000000000000000000000000000000 -> 02000000000000000000000000000000
========================================================================
Received Import Request.
  Time since last request: 283.533662 seconds.
  path: Assets/Prefabs/StarSparrow05.prefab
  artifactKey: Guid(3ebbc2c3bb2e754429d439aa902aa74d) Importer(815301076,1909f56bfc062723c751e8b465ee728b)
Start importing Assets/Prefabs/StarSparrow05.prefab using Guid(3ebbc2c3bb2e754429d439aa902aa74d) Importer(815301076,1909f56bfc062723c751e8b465ee728b)  -> (artifact id: '993020110d551a02d5a9b7b4ab4b69e6') in 0.143742 seconds
  Import took 0.148499 seconds .

========================================================================
Received Prepare
Registering precompiled user dll's ...
Registered in 0.001442 seconds.
Begin MonoManager ReloadAssembly
Native extension for WindowsStandalone target not found
Refreshing native plugins compatible for Editor in 0.37 ms, found 0 plugins.
Preloading 0 native plugins for Editor in 0.00 ms.
Invoked RoslynAnalysisRunner static constructor.
RoslynAnalysisRunner will not be running.
RoslynAnalysisRunner has terminated.
Mono: successfully reloaded assembly
- Completed reload, in  0.877 seconds
Platform modules already initialized, skipping
Switching build target platform(5) subTarget(0) extendedPlatform(0) -> platform(13) subTarget(537395200) extendedPlatform(0)
Refreshing native plugins compatible for Editor in 0.39 ms, found 0 plugins.
Preloading 0 native plugins for Editor in 0.00 ms.
Unloading 1226 Unused Serialized files (Serialized files now loaded: 0)
System memory in use before: 158.8 MB.
System memory in use after: 158.9 MB.

Unloading 10 unused Assets to reduce memory usage. Loaded Objects now: 1737.
Total: 2.004100 ms (FindLiveObjects: 0.209000 ms CreateObjectMapping: 0.062400 ms MarkObjects: 1.646200 ms  DeleteObjects: 0.085300 ms)

AssetImportParameters requested are different than current active one (requested -> active):
  custom:graphics/normal-map-encoding: 01000000000000000000000000000000 -> 02000000000000000000000000000000
========================================================================
Received Import Request.
  Time since last request: 1436.377109 seconds.
  path: Assets/Prefabs/StarSparrow06.prefab
  artifactKey: Guid(e3b995335574d1648a9dc18661d6085b) Importer(815301076,1909f56bfc062723c751e8b465ee728b)
Start importing Assets/Prefabs/StarSparrow06.prefab using Guid(e3b995335574d1648a9dc18661d6085b) Importer(815301076,1909f56bfc062723c751e8b465ee728b)  -> (artifact id: '939b1bbad194a2bbc3d70b00894b85cf') in 0.072807 seconds
  Import took 0.075761 seconds .

========================================================================
Received Import Request.
  Time since last request: 0.000505 seconds.
  path: Assets/Prefabs/StarSparrow06.prefab
  artifactKey: Guid(e3b995335574d1648a9dc18661d6085b) Importer(815301076,1909f56bfc062723c751e8b465ee728b)
Start importing Assets/Prefabs/StarSparrow06.prefab using Guid(e3b995335574d1648a9dc18661d6085b) Importer(815301076,1909f56bfc062723c751e8b465ee728b)  -> (artifact id: '939b1bbad194a2bbc3d70b00894b85cf') in 0.009105 seconds
  Import took 0.011923 seconds .

========================================================================
Received Import Request.
  Time since last request: 4.488829 seconds.
  path: Assets/Prefabs/StarSparrow05.prefab
  artifactKey: Guid(3ebbc2c3bb2e754429d439aa902aa74d) Importer(815301076,1909f56bfc062723c751e8b465ee728b)
Start importing Assets/Prefabs/StarSparrow05.prefab using Guid(3ebbc2c3bb2e754429d439aa902aa74d) Importer(815301076,1909f56bfc062723c751e8b465ee728b)  -> (artifact id: 'c34fdb820e401c0379e25f7fb9c7636d') in 0.017447 seconds
  Import took 0.021099 seconds .

========================================================================
Received Import Request.
  Time since last request: 0.002016 seconds.
  path: Assets/Prefabs/StarSparrow05.prefab
  artifactKey: Guid(3ebbc2c3bb2e754429d439aa902aa74d) Importer(815301076,1909f56bfc062723c751e8b465ee728b)
Start importing Assets/Prefabs/StarSparrow05.prefab using Guid(3ebbc2c3bb2e754429d439aa902aa74d) Importer(815301076,1909f56bfc062723c751e8b465ee728b)  -> (artifact id: 'c34fdb820e401c0379e25f7fb9c7636d') in 0.012391 seconds
  Import took 0.015835 seconds .

========================================================================
Received Import Request.
  Time since last request: 417.552504 seconds.
  path: Assets/Prefabs/StarSparrow07.prefab
  artifactKey: Guid(d4352a1af33166a46b77cad0db4962dd) Importer(815301076,1909f56bfc062723c751e8b465ee728b)
Start importing Assets/Prefabs/StarSparrow07.prefab using Guid(d4352a1af33166a46b77cad0db4962dd) Importer(815301076,1909f56bfc062723c751e8b465ee728b)  -> (artifact id: 'a5c1a48855f43c537bc750e729404d08') in 0.277596 seconds
  Import took 0.283834 seconds .

========================================================================
Received Import Request.
  Time since last request: 11.810947 seconds.
  path: Assets/Prefabs/StarSparrow06.prefab
  artifactKey: Guid(e3b995335574d1648a9dc18661d6085b) Importer(815301076,1909f56bfc062723c751e8b465ee728b)
Start importing Assets/Prefabs/StarSparrow06.prefab using Guid(e3b995335574d1648a9dc18661d6085b) Importer(815301076,1909f56bfc062723c751e8b465ee728b)  -> (artifact id: '93621efa8acb92eebea4006c6d443dbf') in 0.012481 seconds
  Import took 0.016406 seconds .

========================================================================
Received Prepare
Registering precompiled user dll's ...
Registered in 0.001649 seconds.
Begin MonoManager ReloadAssembly
Native extension for WindowsStandalone target not found
Refreshing native plugins compatible for Editor in 0.37 ms, found 0 plugins.
Preloading 0 native plugins for Editor in 0.00 ms.
Invoked RoslynAnalysisRunner static constructor.
RoslynAnalysisRunner will not be running.
RoslynAnalysisRunner has terminated.
Mono: successfully reloaded assembly
- Completed reload, in  0.833 seconds
Platform modules already initialized, skipping
Switching build target platform(5) subTarget(0) extendedPlatform(0) -> platform(13) subTarget(537395200) extendedPlatform(0)
Refreshing native plugins compatible for Editor in 0.37 ms, found 0 plugins.
Preloading 0 native plugins for Editor in 0.00 ms.
Unloading 1226 Unused Serialized files (Serialized files now loaded: 0)
System memory in use before: 158.9 MB.
System memory in use after: 158.9 MB.

Unloading 12 unused Assets to reduce memory usage. Loaded Objects now: 1741.
Total: 2.415800 ms (FindLiveObjects: 0.213500 ms CreateObjectMapping: 0.095900 ms MarkObjects: 1.998900 ms  DeleteObjects: 0.106100 ms)

AssetImportParameters requested are different than current active one (requested -> active):
  custom:graphics/normal-map-encoding: 01000000000000000000000000000000 -> 02000000000000000000000000000000
========================================================================
Received Prepare
Registering precompiled user dll's ...
Registered in 0.001652 seconds.
Begin MonoManager ReloadAssembly
Native extension for WindowsStandalone target not found
Refreshing native plugins compatible for Editor in 0.37 ms, found 0 plugins.
Preloading 0 native plugins for Editor in 0.00 ms.
Invoked RoslynAnalysisRunner static constructor.
RoslynAnalysisRunner will not be running.
RoslynAnalysisRunner has terminated.
Mono: successfully reloaded assembly
- Completed reload, in  0.872 seconds
Platform modules already initialized, skipping
Switching build target platform(5) subTarget(0) extendedPlatform(0) -> platform(13) subTarget(537395200) extendedPlatform(0)
Refreshing native plugins compatible for Editor in 0.36 ms, found 0 plugins.
Preloading 0 native plugins for Editor in 0.00 ms.
Unloading 1226 Unused Serialized files (Serialized files now loaded: 0)
System memory in use before: 158.9 MB.
System memory in use after: 159.0 MB.

Unloading 9 unused Assets to reduce memory usage. Loaded Objects now: 1744.
Total: 2.731300 ms (FindLiveObjects: 0.251200 ms CreateObjectMapping: 0.083700 ms MarkObjects: 2.330600 ms  DeleteObjects: 0.064200 ms)

AssetImportParameters requested are different than current active one (requested -> active):
  custom:graphics/normal-map-encoding: 01000000000000000000000000000000 -> 02000000000000000000000000000000
========================================================================
Received Import Request.
  Time since last request: 88.528988 seconds.
  path: Assets/Prefabs/StarSparrow07.prefab
  artifactKey: Guid(d4352a1af33166a46b77cad0db4962dd) Importer(815301076,1909f56bfc062723c751e8b465ee728b)
Start importing Assets/Prefabs/StarSparrow07.prefab using Guid(d4352a1af33166a46b77cad0db4962dd) Importer(815301076,1909f56bfc062723c751e8b465ee728b)  -> (artifact id: '24245b2cff30f949de70679aab067551') in 0.061312 seconds
  Import took 0.064334 seconds .

========================================================================
Received Import Request.
  Time since last request: 0.007398 seconds.
  path: Assets/Prefabs/StarSparrow07.prefab
  artifactKey: Guid(d4352a1af33166a46b77cad0db4962dd) Importer(815301076,1909f56bfc062723c751e8b465ee728b)
Start importing Assets/Prefabs/StarSparrow07.prefab using Guid(d4352a1af33166a46b77cad0db4962dd) Importer(815301076,1909f56bfc062723c751e8b465ee728b)  -> (artifact id: '24245b2cff30f949de70679aab067551') in 0.009163 seconds
  Import took 0.012193 seconds .

========================================================================
Received Import Request.
  Time since last request: 3.413499 seconds.
  path: Assets/Prefabs/StarSparrow08.prefab
  artifactKey: Guid(57588c4a5a2104f43aab57f36e49b819) Importer(815301076,1909f56bfc062723c751e8b465ee728b)
Start importing Assets/Prefabs/StarSparrow08.prefab using Guid(57588c4a5a2104f43aab57f36e49b819) Importer(815301076,1909f56bfc062723c751e8b465ee728b)  -> (artifact id: '462a798bc611a5f45c491fbec95f8ab7') in 0.009012 seconds
  Import took 0.012837 seconds .

========================================================================
Received Prepare
Registering precompiled user dll's ...
Registered in 0.001445 seconds.
Begin MonoManager ReloadAssembly
Native extension for WindowsStandalone target not found
Refreshing native plugins compatible for Editor in 0.55 ms, found 0 plugins.
Preloading 0 native plugins for Editor in 0.00 ms.
Invoked RoslynAnalysisRunner static constructor.
RoslynAnalysisRunner will not be running.
RoslynAnalysisRunner has terminated.
Mono: successfully reloaded assembly
- Completed reload, in  1.115 seconds
Platform modules already initialized, skipping
Switching build target platform(5) subTarget(0) extendedPlatform(0) -> platform(13) subTarget(537395200) extendedPlatform(0)
Refreshing native plugins compatible for Editor in 0.41 ms, found 0 plugins.
Preloading 0 native plugins for Editor in 0.00 ms.
Unloading 1226 Unused Serialized files (Serialized files now loaded: 0)
System memory in use before: 159.0 MB.
System memory in use after: 159.0 MB.

Unloading 12 unused Assets to reduce memory usage. Loaded Objects now: 1748.
Total: 2.474000 ms (FindLiveObjects: 0.182800 ms CreateObjectMapping: 0.057900 ms MarkObjects: 2.137400 ms  DeleteObjects: 0.094600 ms)

AssetImportParameters requested are different than current active one (requested -> active):
  custom:graphics/normal-map-encoding: 01000000000000000000000000000000 -> 02000000000000000000000000000000
========================================================================
Received Prepare
Registering precompiled user dll's ...
Registered in 0.001369 seconds.
Begin MonoManager ReloadAssembly
Native extension for WindowsStandalone target not found
Refreshing native plugins compatible for Editor in 0.37 ms, found 0 plugins.
Preloading 0 native plugins for Editor in 0.00 ms.
Invoked RoslynAnalysisRunner static constructor.
RoslynAnalysisRunner will not be running.
RoslynAnalysisRunner has terminated.
Mono: successfully reloaded assembly
- Completed reload, in  0.855 seconds
Platform modules already initialized, skipping
Switching build target platform(5) subTarget(0) extendedPlatform(0) -> platform(13) subTarget(537395200) extendedPlatform(0)
Refreshing native plugins compatible for Editor in 0.37 ms, found 0 plugins.
Preloading 0 native plugins for Editor in 0.00 ms.
Unloading 1226 Unused Serialized files (Serialized files now loaded: 0)
System memory in use before: 158.9 MB.
System memory in use after: 159.0 MB.

Unloading 9 unused Assets to reduce memory usage. Loaded Objects now: 1751.
Total: 2.932300 ms (FindLiveObjects: 0.214800 ms CreateObjectMapping: 0.112600 ms MarkObjects: 2.539300 ms  DeleteObjects: 0.064300 ms)

AssetImportParameters requested are different than current active one (requested -> active):
  custom:graphics/normal-map-encoding: 01000000000000000000000000000000 -> 02000000000000000000000000000000
========================================================================
Received Import Request.
  Time since last request: 642.795745 seconds.
  path: Assets/Prefabs/StarSparrow09.prefab
  artifactKey: Guid(c700f3a2bcec64a48979eb1c4b9707a8) Importer(815301076,1909f56bfc062723c751e8b465ee728b)
Start importing Assets/Prefabs/StarSparrow09.prefab using Guid(c700f3a2bcec64a48979eb1c4b9707a8) Importer(815301076,1909f56bfc062723c751e8b465ee728b)  -> (artifact id: '7a534db0df362354d445cddab574461b') in 0.072205 seconds
  Import took 0.075252 seconds .

========================================================================
Received Prepare
Registering precompiled user dll's ...
Registered in 0.001535 seconds.
Begin MonoManager ReloadAssembly
Native extension for WindowsStandalone target not found
Refreshing native plugins compatible for Editor in 0.40 ms, found 0 plugins.
Preloading 0 native plugins for Editor in 0.00 ms.
Invoked RoslynAnalysisRunner static constructor.
RoslynAnalysisRunner will not be running.
RoslynAnalysisRunner has terminated.
Mono: successfully reloaded assembly
- Completed reload, in  0.970 seconds
Platform modules already initialized, skipping
Switching build target platform(5) subTarget(0) extendedPlatform(0) -> platform(13) subTarget(537395200) extendedPlatform(0)
Refreshing native plugins compatible for Editor in 0.38 ms, found 0 plugins.
Preloading 0 native plugins for Editor in 0.00 ms.
Unloading 1226 Unused Serialized files (Serialized files now loaded: 0)
System memory in use before: 158.9 MB.
System memory in use after: 159.0 MB.

Unloading 10 unused Assets to reduce memory usage. Loaded Objects now: 1755.
Total: 2.549700 ms (FindLiveObjects: 0.220100 ms CreateObjectMapping: 0.060100 ms MarkObjects: 2.194500 ms  DeleteObjects: 0.073500 ms)

AssetImportParameters requested are different than current active one (requested -> active):
  custom:graphics/normal-map-encoding: 01000000000000000000000000000000 -> 02000000000000000000000000000000
========================================================================
Received Prepare
Registering precompiled user dll's ...
Registered in 0.001580 seconds.
Begin MonoManager ReloadAssembly
Native extension for WindowsStandalone target not found
Refreshing native plugins compatible for Editor in 0.43 ms, found 0 plugins.
Preloading 0 native plugins for Editor in 0.00 ms.
Invoked RoslynAnalysisRunner static constructor.
RoslynAnalysisRunner will not be running.
RoslynAnalysisRunner has terminated.
Mono: successfully reloaded assembly
- Completed reload, in  1.122 seconds
Platform modules already initialized, skipping
Switching build target platform(5) subTarget(0) extendedPlatform(0) -> platform(13) subTarget(537395200) extendedPlatform(0)
Refreshing native plugins compatible for Editor in 0.38 ms, found 0 plugins.
Preloading 0 native plugins for Editor in 0.00 ms.
Unloading 1226 Unused Serialized files (Serialized files now loaded: 0)
System memory in use before: 158.9 MB.
System memory in use after: 159.0 MB.

Unloading 9 unused Assets to reduce memory usage. Loaded Objects now: 1758.
Total: 2.525100 ms (FindLiveObjects: 0.170600 ms CreateObjectMapping: 0.060500 ms MarkObjects: 2.217500 ms  DeleteObjects: 0.075200 ms)

AssetImportParameters requested are different than current active one (requested -> active):
  custom:graphics/normal-map-encoding: 01000000000000000000000000000000 -> 02000000000000000000000000000000
========================================================================
Received Import Request.
  Time since last request: 146.086577 seconds.
  path: Assets/Prefabs/StarSparrow10.prefab
  artifactKey: Guid(98114aabc924f2945b82df0e5032095a) Importer(815301076,1909f56bfc062723c751e8b465ee728b)
Start importing Assets/Prefabs/StarSparrow10.prefab using Guid(98114aabc924f2945b82df0e5032095a) Importer(815301076,1909f56bfc062723c751e8b465ee728b)  -> (artifact id: '01536ffc345c25286fd6b4ba5d00e2e4') in 0.072101 seconds
  Import took 0.075350 seconds .

========================================================================
Received Import Request.
  Time since last request: 1.270234 seconds.
  path: Assets/Prefabs/StarSparrow11.prefab
  artifactKey: Guid(9c15ca954ebbb204e8443c9834c01b0a) Importer(815301076,1909f56bfc062723c751e8b465ee728b)
Start importing Assets/Prefabs/StarSparrow11.prefab using Guid(9c15ca954ebbb204e8443c9834c01b0a) Importer(815301076,1909f56bfc062723c751e8b465ee728b)  -> (artifact id: '2395caeacf31da22f74cc247af03bd5f') in 0.012238 seconds
  Import took 0.015233 seconds .

AssetImportWorkerClient::OnTransportError - code=2 error=End of file
